<?xml version="1.0" encoding="UTF-8"?>
<testng-results ignored="0" total="1" passed="1" failed="0" skipped="0">
  <reporter-output>
  </reporter-output>
  <suite started-at="2020-08-11T11:43:34 IST" name="Default suite" finished-at="2020-08-11T11:43:38 IST" duration-ms="3436">
    <groups>
    </groups>
    <test started-at="2020-08-11T11:43:34 IST" name="Default test" finished-at="2020-08-11T11:43:38 IST" duration-ms="3436">
      <class name="nnnow_API.NNNOW_RESTAPI.LoginUserExistAPI">
        <test-method signature="userexist()[pri:0, instance:nnnow_API.NNNOW_RESTAPI.LoginUserExistAPI@3745e5c6]" started-at="2020-08-11T11:43:34 IST" name="userexist" finished-at="2020-08-11T11:43:38 IST" duration-ms="3370" status="PASS">
          <reporter-output>
          </reporter-output>
        </test-method> <!-- userexist -->
      </class> <!-- nnnow_API.NNNOW_RESTAPI.LoginUserExistAPI -->
    </test> <!-- Default test -->
  </suite> <!-- Default suite -->
</testng-results>
